# JRE version: OpenJDK Runtime Environment Temurin-17.0.12+7 (17.0.12+7) (build 17.0.12+7)
# Java VM: OpenJDK 64-Bit Server VM Temurin-17.0.12+7 (17.0.12+7, mixed mode, tiered, compressed oops, compressed class ptrs, parallel gc, windows-amd64)
GC Precious Log:
 CPUs: 12 total, 12 available
 Memory: 16024M
 Large Page Support: Disabled
 NUMA Support: Disabled
 Compressed Oops: Enabled (32-bit)
 Alignments: Space 512K, Generation 512K, Heap 2M
 Heap Min Capacity: 100M
 Heap Initial Capacity: 100M
 Heap Max Capacity: 1G
 Pre-touch: Disabled
 Parallel Workers: 10
Heap:
 PSYoungGen      total 23040K, used 2856K [0x00000000eab00000, 0x00000000ec700000, 0x0000000100000000)
  eden space 22016K, 9% used [0x00000000eab00000,0x00000000ead1a070,0x00000000ec080000)
  from space 1024K, 68% used [0x00000000ec500000,0x00000000ec5b0000,0x00000000ec600000)
  to   space 1024K, 0% used [0x00000000ec600000,0x00000000ec600000,0x00000000ec700000)
 ParOldGen       total 68608K, used 39519K [0x00000000c0000000, 0x00000000c4300000, 0x00000000eab00000)
  object space 68608K, 57% used [0x00000000c0000000,0x00000000c2697e98,0x00000000c4300000)
 Metaspace       used 71311K, committed 72320K, reserved 1114112K
  class space    used 8781K, committed 9216K, reserved 1048576K
GC Heap History (20 events):
Event: 23.378 GC heap before
{Heap before GC invocations=31 (full 3):
 PSYoungGen      total 23040K, used 22538K [0x00000000eab00000, 0x00000000ec880000, 0x0000000100000000)
  eden space 22016K, 100% used [0x00000000eab00000,0x00000000ec080000,0x00000000ec080000)
  from space 1024K, 51% used [0x00000000ec680000,0x00000000ec702a50,0x00000000ec780000)
  to   space 1024K, 0% used [0x00000000ec780000,0x00000000ec780000,0x00000000ec880000)
 ParOldGen       total 68608K, used 37251K [0x00000000c0000000, 0x00000000c4300000, 0x00000000eab00000)
  object space 68608K, 54% used [0x00000000c0000000,0x00000000c2460ed0,0x00000000c4300000)
 Metaspace       used 69085K, committed 70208K, reserved 1114112K
  class space    used 8465K, committed 8960K, reserved 1048576K
}
Event: 23.378 GC heap after
{Heap after GC invocations=31 (full 3):
 PSYoungGen      total 23040K, used 631K [0x00000000eab00000, 0x00000000ec880000, 0x0000000100000000)
  eden space 22016K, 0% used [0x00000000eab00000,0x00000000eab00000,0x00000000ec080000)
  from space 1024K, 61% used [0x00000000ec780000,0x00000000ec81dd70,0x00000000ec880000)
  to   space 1024K, 0% used [0x00000000ec680000,0x00000000ec680000,0x00000000ec780000)
 ParOldGen       total 68608K, used 37461K [0x00000000c0000000, 0x00000000c4300000, 0x00000000eab00000)
  object space 68608K, 54% used [0x00000000c0000000,0x00000000c2495690,0x00000000c4300000)
 Metaspace       used 69085K, committed 70208K, reserved 1114112K
  class space    used 8465K, committed 8960K, reserved 1048576K
}
Event: 23.510 GC heap before
{Heap before GC invocations=32 (full 3):
 PSYoungGen      total 23040K, used 22647K [0x00000000eab00000, 0x00000000ec880000, 0x0000000100000000)
  eden space 22016K, 100% used [0x00000000eab00000,0x00000000ec080000,0x00000000ec080000)
  from space 1024K, 61% used [0x00000000ec780000,0x00000000ec81dd70,0x00000000ec880000)
  to   space 1024K, 0% used [0x00000000ec680000,0x00000000ec680000,0x00000000ec780000)
 ParOldGen       total 68608K, used 37461K [0x00000000c0000000, 0x00000000c4300000, 0x00000000eab00000)
  object space 68608K, 54% used [0x00000000c0000000,0x00000000c2495690,0x00000000c4300000)
 Metaspace       used 69865K, committed 70976K, reserved 1114112K
  class space    used 8588K, committed 9088K, reserved 1048576K
}
Event: 23.511 GC heap after
{Heap after GC invocations=32 (full 3):
 PSYoungGen      total 23040K, used 1006K [0x00000000eab00000, 0x00000000ec800000, 0x0000000100000000)
  eden space 22016K, 0% used [0x00000000eab00000,0x00000000eab00000,0x00000000ec080000)
  from space 1024K, 98% used [0x00000000ec680000,0x00000000ec77ba80,0x00000000ec780000)
  to   space 512K, 0% used [0x00000000ec780000,0x00000000ec780000,0x00000000ec800000)
 ParOldGen       total 68608K, used 37664K [0x00000000c0000000, 0x00000000c4300000, 0x00000000eab00000)
  object space 68608K, 54% used [0x00000000c0000000,0x00000000c24c8210,0x00000000c4300000)
 Metaspace       used 69865K, committed 70976K, reserved 1114112K
  class space    used 8588K, committed 9088K, reserved 1048576K
}
Event: 23.638 GC heap before
{Heap before GC invocations=33 (full 3):
 PSYoungGen      total 23040K, used 23022K [0x00000000eab00000, 0x00000000ec800000, 0x0000000100000000)
  eden space 22016K, 100% used [0x00000000eab00000,0x00000000ec080000,0x00000000ec080000)
  from space 1024K, 98% used [0x00000000ec680000,0x00000000ec77ba80,0x00000000ec780000)
  to   space 512K, 0% used [0x00000000ec780000,0x00000000ec780000,0x00000000ec800000)
 ParOldGen       total 68608K, used 37664K [0x00000000c0000000, 0x00000000c4300000, 0x00000000eab00000)
  object space 68608K, 54% used [0x00000000c0000000,0x00000000c24c8210,0x00000000c4300000)
 Metaspace       used 69866K, committed 70976K, reserved 1114112K
  class space    used 8588K, committed 9088K, reserved 1048576K
}
Event: 23.639 GC heap after
{Heap after GC invocations=33 (full 3):
 PSYoungGen      total 22528K, used 494K [0x00000000eab00000, 0x00000000ec800000, 0x0000000100000000)
  eden space 22016K, 0% used [0x00000000eab00000,0x00000000eab00000,0x00000000ec080000)
  from space 512K, 96% used [0x00000000ec780000,0x00000000ec7fbaa0,0x00000000ec800000)
  to   space 1024K, 0% used [0x00000000ec600000,0x00000000ec600000,0x00000000ec700000)
 ParOldGen       total 68608K, used 37969K [0x00000000c0000000, 0x00000000c4300000, 0x00000000eab00000)
  object space 68608K, 55% used [0x00000000c0000000,0x00000000c25146d0,0x00000000c4300000)
 Metaspace       used 69866K, committed 70976K, reserved 1114112K
  class space    used 8588K, committed 9088K, reserved 1048576K
}
Event: 23.753 GC heap before
{Heap before GC invocations=34 (full 3):
 PSYoungGen      total 22528K, used 22510K [0x00000000eab00000, 0x00000000ec800000, 0x0000000100000000)
  eden space 22016K, 100% used [0x00000000eab00000,0x00000000ec080000,0x00000000ec080000)
  from space 512K, 96% used [0x00000000ec780000,0x00000000ec7fbaa0,0x00000000ec800000)
  to   space 1024K, 0% used [0x00000000ec600000,0x00000000ec600000,0x00000000ec700000)
 ParOldGen       total 68608K, used 37969K [0x00000000c0000000, 0x00000000c4300000, 0x00000000eab00000)
  object space 68608K, 55% used [0x00000000c0000000,0x00000000c25146d0,0x00000000c4300000)
 Metaspace       used 69866K, committed 70976K, reserved 1114112K
  class space    used 8588K, committed 9088K, reserved 1048576K
}
Event: 23.753 GC heap after
{Heap after GC invocations=34 (full 3):
 PSYoungGen      total 23040K, used 256K [0x00000000eab00000, 0x00000000ec800000, 0x0000000100000000)
  eden space 22016K, 0% used [0x00000000eab00000,0x00000000eab00000,0x00000000ec080000)
  from space 1024K, 25% used [0x00000000ec600000,0x00000000ec640000,0x00000000ec700000)
  to   space 512K, 0% used [0x00000000ec780000,0x00000000ec780000,0x00000000ec800000)
 ParOldGen       total 68608K, used 37977K [0x00000000c0000000, 0x00000000c4300000, 0x00000000eab00000)
  object space 68608K, 55% used [0x00000000c0000000,0x00000000c25166d0,0x00000000c4300000)
 Metaspace       used 69866K, committed 70976K, reserved 1114112K
  class space    used 8588K, committed 9088K, reserved 1048576K
}
Event: 23.864 GC heap before
{Heap before GC invocations=35 (full 3):
 PSYoungGen      total 23040K, used 22272K [0x00000000eab00000, 0x00000000ec800000, 0x0000000100000000)
  eden space 22016K, 100% used [0x00000000eab00000,0x00000000ec080000,0x00000000ec080000)
  from space 1024K, 25% used [0x00000000ec600000,0x00000000ec640000,0x00000000ec700000)
  to   space 512K, 0% used [0x00000000ec780000,0x00000000ec780000,0x00000000ec800000)
 ParOldGen       total 68608K, used 37977K [0x00000000c0000000, 0x00000000c4300000, 0x00000000eab00000)
  object space 68608K, 55% used [0x00000000c0000000,0x00000000c25166d0,0x00000000c4300000)
 Metaspace       used 69866K, committed 70976K, reserved 1114112K
  class space    used 8588K, committed 9088K, reserved 1048576K
}
Event: 23.865 GC heap after
{Heap after GC invocations=35 (full 3):
 PSYoungGen      total 22528K, used 357K [0x00000000eab00000, 0x00000000ec800000, 0x0000000100000000)
  eden space 22016K, 0% used [0x00000000eab00000,0x00000000eab00000,0x00000000ec080000)
  from space 512K, 69% used [0x00000000ec780000,0x00000000ec7d94e8,0x00000000ec800000)
  to   space 512K, 0% used [0x00000000ec700000,0x00000000ec700000,0x00000000ec780000)
 ParOldGen       total 68608K, used 38033K [0x00000000c0000000, 0x00000000c4300000, 0x00000000eab00000)
  object space 68608K, 55% used [0x00000000c0000000,0x00000000c25246d0,0x00000000c4300000)
 Metaspace       used 69866K, committed 70976K, reserved 1114112K
  class space    used 8588K, committed 9088K, reserved 1048576K
}
Event: 23.947 GC heap before
{Heap before GC invocations=36 (full 3):
 PSYoungGen      total 22528K, used 22373K [0x00000000eab00000, 0x00000000ec800000, 0x0000000100000000)
  eden space 22016K, 100% used [0x00000000eab00000,0x00000000ec080000,0x00000000ec080000)
  from space 512K, 69% used [0x00000000ec780000,0x00000000ec7d94e8,0x00000000ec800000)
  to   space 512K, 0% used [0x00000000ec700000,0x00000000ec700000,0x00000000ec780000)
 ParOldGen       total 68608K, used 38033K [0x00000000c0000000, 0x00000000c4300000, 0x00000000eab00000)
  object space 68608K, 55% used [0x00000000c0000000,0x00000000c25246d0,0x00000000c4300000)
 Metaspace       used 69866K, committed 70976K, reserved 1114112K
  class space    used 8588K, committed 9088K, reserved 1048576K
}
Event: 23.948 GC heap after
{Heap after GC invocations=36 (full 3):
 PSYoungGen      total 22528K, used 352K [0x00000000eab00000, 0x00000000ec800000, 0x0000000100000000)
  eden space 22016K, 0% used [0x00000000eab00000,0x00000000eab00000,0x00000000ec080000)
  from space 512K, 68% used [0x00000000ec700000,0x00000000ec758000,0x00000000ec780000)
  to   space 512K, 0% used [0x00000000ec780000,0x00000000ec780000,0x00000000ec800000)
 ParOldGen       total 68608K, used 38141K [0x00000000c0000000, 0x00000000c4300000, 0x00000000eab00000)
  object space 68608K, 55% used [0x00000000c0000000,0x00000000c253f7a0,0x00000000c4300000)
 Metaspace       used 69866K, committed 70976K, reserved 1114112K
  class space    used 8588K, committed 9088K, reserved 1048576K
}
Event: 24.033 GC heap before
{Heap before GC invocations=37 (full 3):
 PSYoungGen      total 22528K, used 22368K [0x00000000eab00000, 0x00000000ec800000, 0x0000000100000000)
  eden space 22016K, 100% used [0x00000000eab00000,0x00000000ec080000,0x00000000ec080000)
  from space 512K, 68% used [0x00000000ec700000,0x00000000ec758000,0x00000000ec780000)
  to   space 512K, 0% used [0x00000000ec780000,0x00000000ec780000,0x00000000ec800000)
 ParOldGen       total 68608K, used 38141K [0x00000000c0000000, 0x00000000c4300000, 0x00000000eab00000)
  object space 68608K, 55% used [0x00000000c0000000,0x00000000c253f7a0,0x00000000c4300000)
 Metaspace       used 69953K, committed 71040K, reserved 1114112K
  class space    used 8595K, committed 9088K, reserved 1048576K
}
Event: 24.034 GC heap after
{Heap after GC invocations=37 (full 3):
 PSYoungGen      total 22528K, used 511K [0x00000000eab00000, 0x00000000ec800000, 0x0000000100000000)
  eden space 22016K, 0% used [0x00000000eab00000,0x00000000eab00000,0x00000000ec080000)
  from space 512K, 99% used [0x00000000ec780000,0x00000000ec7ffdf0,0x00000000ec800000)
  to   space 2048K, 0% used [0x00000000ec400000,0x00000000ec400000,0x00000000ec600000)
 ParOldGen       total 68608K, used 39367K [0x00000000c0000000, 0x00000000c4300000, 0x00000000eab00000)
  object space 68608K, 57% used [0x00000000c0000000,0x00000000c2671e98,0x00000000c4300000)
 Metaspace       used 69953K, committed 71040K, reserved 1114112K
  class space    used 8595K, committed 9088K, reserved 1048576K
}
Event: 24.113 GC heap before
{Heap before GC invocations=38 (full 3):
 PSYoungGen      total 22528K, used 22527K [0x00000000eab00000, 0x00000000ec800000, 0x0000000100000000)
  eden space 22016K, 100% used [0x00000000eab00000,0x00000000ec080000,0x00000000ec080000)
  from space 512K, 99% used [0x00000000ec780000,0x00000000ec7ffdf0,0x00000000ec800000)
  to   space 2048K, 0% used [0x00000000ec400000,0x00000000ec400000,0x00000000ec600000)
 ParOldGen       total 68608K, used 39367K [0x00000000c0000000, 0x00000000c4300000, 0x00000000eab00000)
  object space 68608K, 57% used [0x00000000c0000000,0x00000000c2671e98,0x00000000c4300000)
 Metaspace       used 69953K, committed 71040K, reserved 1114112K
  class space    used 8595K, committed 9088K, reserved 1048576K
}
Event: 24.114 GC heap after
{Heap after GC invocations=38 (full 3):
 PSYoungGen      total 24064K, used 1129K [0x00000000eab00000, 0x00000000ec800000, 0x0000000100000000)
  eden space 22016K, 0% used [0x00000000eab00000,0x00000000eab00000,0x00000000ec080000)
  from space 2048K, 55% used [0x00000000ec400000,0x00000000ec51a6b8,0x00000000ec600000)
  to   space 1536K, 0% used [0x00000000ec680000,0x00000000ec680000,0x00000000ec800000)
 ParOldGen       total 68608K, used 39439K [0x00000000c0000000, 0x00000000c4300000, 0x00000000eab00000)
  object space 68608K, 57% used [0x00000000c0000000,0x00000000c2683e98,0x00000000c4300000)
 Metaspace       used 69953K, committed 71040K, reserved 1114112K
  class space    used 8595K, committed 9088K, reserved 1048576K
}
Event: 24.184 GC heap before
{Heap before GC invocations=39 (full 3):
 PSYoungGen      total 24064K, used 23145K [0x00000000eab00000, 0x00000000ec800000, 0x0000000100000000)
  eden space 22016K, 100% used [0x00000000eab00000,0x00000000ec080000,0x00000000ec080000)
  from space 2048K, 55% used [0x00000000ec400000,0x00000000ec51a6b8,0x00000000ec600000)
  to   space 1536K, 0% used [0x00000000ec680000,0x00000000ec680000,0x00000000ec800000)
 ParOldGen       total 68608K, used 39439K [0x00000000c0000000, 0x00000000c4300000, 0x00000000eab00000)
  object space 68608K, 57% used [0x00000000c0000000,0x00000000c2683e98,0x00000000c4300000)
 Metaspace       used 69953K, committed 71040K, reserved 1114112K
  class space    used 8595K, committed 9088K, reserved 1048576K
}
Event: 24.185 GC heap after
{Heap after GC invocations=39 (full 3):
 PSYoungGen      total 23552K, used 1265K [0x00000000eab00000, 0x00000000ec800000, 0x0000000100000000)
  eden space 22016K, 0% used [0x00000000eab00000,0x00000000eab00000,0x00000000ec080000)
  from space 1536K, 82% used [0x00000000ec680000,0x00000000ec7bc558,0x00000000ec800000)
  to   space 1536K, 0% used [0x00000000ec500000,0x00000000ec500000,0x00000000ec680000)
 ParOldGen       total 68608K, used 39495K [0x00000000c0000000, 0x00000000c4300000, 0x00000000eab00000)
  object space 68608K, 57% used [0x00000000c0000000,0x00000000c2691e98,0x00000000c4300000)
 Metaspace       used 69953K, committed 71040K, reserved 1114112K
  class space    used 8595K, committed 9088K, reserved 1048576K
}
Event: 31.147 GC heap before
{Heap before GC invocations=40 (full 3):
 PSYoungGen      total 23552K, used 23281K [0x00000000eab00000, 0x00000000ec800000, 0x0000000100000000)
  eden space 22016K, 100% used [0x00000000eab00000,0x00000000ec080000,0x00000000ec080000)
  from space 1536K, 82% used [0x00000000ec680000,0x00000000ec7bc558,0x00000000ec800000)
  to   space 1536K, 0% used [0x00000000ec500000,0x00000000ec500000,0x00000000ec680000)
 ParOldGen       total 68608K, used 39495K [0x00000000c0000000, 0x00000000c4300000, 0x00000000eab00000)
  object space 68608K, 57% used [0x00000000c0000000,0x00000000c2691e98,0x00000000c4300000)
 Metaspace       used 71265K, committed 72320K, reserved 1114112K
  class space    used 8780K, committed 9216K, reserved 1048576K
}
Event: 31.155 GC heap after
{Heap after GC invocations=40 (full 3):
 PSYoungGen      total 23040K, used 704K [0x00000000eab00000, 0x00000000ec700000, 0x0000000100000000)
  eden space 22016K, 0% used [0x00000000eab00000,0x00000000eab00000,0x00000000ec080000)
  from space 1024K, 68% used [0x00000000ec500000,0x00000000ec5b0000,0x00000000ec600000)
  to   space 1024K, 0% used [0x00000000ec600000,0x00000000ec600000,0x00000000ec700000)
 ParOldGen       total 68608K, used 39519K [0x00000000c0000000, 0x00000000c4300000, 0x00000000eab00000)
  object space 68608K, 57% used [0x00000000c0000000,0x00000000c2697e98,0x00000000c4300000)
 Metaspace       used 71265K, committed 72320K, reserved 1114112K
  class space    used 8780K, committed 9216K, reserved 1048576K
}

